0 info it worked if it ends with ok
1 verbose cli [ 'C:\\Program Files\\nodejs\\node.exe',
1 verbose cli   'C:\\Program Files\\nodejs\\node_modules\\npm\\bin\\npm-cli.js',
1 verbose cli   'run-script',
1 verbose cli   'test' ]
2 info using npm@3.10.3
3 info using node@v6.6.0
4 verbose run-script [ 'pretest', 'test', 'posttest' ]
5 info lifecycle costing-app@1.0.0~pretest: costing-app@1.0.0
6 silly lifecycle costing-app@1.0.0~pretest: no script for pretest, continuing
7 info lifecycle costing-app@1.0.0~test: costing-app@1.0.0
8 verbose lifecycle costing-app@1.0.0~test: unsafe-perm in lifecycle true
9 verbose lifecycle costing-app@1.0.0~test: PATH: C:\Program Files\nodejs\node_modules\npm\bin\node-gyp-bin;D:\SuperVision\CostingApp\node_modules\.bin;C:\Program Files\nodejs;C:\Program Files (x86)\Intel\OpenCL SDK\6.1\bin\x64;C:\Program Files (x86)\Intel\OpenCL SDK\6.1\bin\x86;C:\Program Files (x86)\Intel\OpenCL SDK\6.1\bin\Pin;C:\Program Files (x86)\Intel\OpenCL SDK\6.1\bin\GTPin;C:\Program Files (x86)\Common Files\Intel\Shared Files\cpp\bin\Intel64;C:\Program Files (x86)\NVIDIA Corporation\PhysX\Common;C:\ProgramData\Oracle\Java\javapath;C:\Windows\system32;C:\Windows;C:\Windows\System32\Wbem;C:\Windows\System32\WindowsPowerShell\v1.0\;C:\Program Files\7-Zip;C:\Program Files\Java\jdk1.8.0_25\bin;D:\apache-ant-1.9.6\bin;D:\apache-maven-3.3.9\bin;D:\apache-tomcat-7.0.69\bin;D:\AndroidStudioSDK\Android\sdk/platform-tools;D:\AndroidStudioSDK\Android\sdk/tools;C:\Program Files\nodejs;C:\Program Files\nodejs\node_modules\npm\bin;C:\Program Files\Git\cmd;C:\Program Files\Git\bin;C:\Program Files\nodejs\;C:\Program Files (x86)\Heroku\bin;C:\Program Files (x86)\git\cmd;C:\Program Files (x86)\Git\cmd
10 verbose lifecycle costing-app@1.0.0~test: CWD: D:\SuperVision\CostingApp
11 silly lifecycle costing-app@1.0.0~test: Args: [ '/d /s /c', 'echo "Error: no test specified" && exit 1' ]
12 silly lifecycle costing-app@1.0.0~test: Returned: code: 1  signal: null
13 info lifecycle costing-app@1.0.0~test: Failed to exec test script
14 verbose stack Error: costing-app@1.0.0 test: `echo "Error: no test specified" && exit 1`
14 verbose stack Exit status 1
14 verbose stack     at EventEmitter.<anonymous> (C:\Program Files\nodejs\node_modules\npm\lib\utils\lifecycle.js:242:16)
14 verbose stack     at emitTwo (events.js:106:13)
14 verbose stack     at EventEmitter.emit (events.js:191:7)
14 verbose stack     at ChildProcess.<anonymous> (C:\Program Files\nodejs\node_modules\npm\lib\utils\spawn.js:40:14)
14 verbose stack     at emitTwo (events.js:106:13)
14 verbose stack     at ChildProcess.emit (events.js:191:7)
14 verbose stack     at maybeClose (internal/child_process.js:877:16)
14 verbose stack     at Process.ChildProcess._handle.onexit (internal/child_process.js:226:5)
15 verbose pkgid costing-app@1.0.0
16 verbose cwd D:\SuperVision\CostingApp
17 error Windows_NT 6.3.9600
18 error argv "C:\\Program Files\\nodejs\\node.exe" "C:\\Program Files\\nodejs\\node_modules\\npm\\bin\\npm-cli.js" "run-script" "test"
19 error node v6.6.0
20 error npm  v3.10.3
21 error code ELIFECYCLE
22 error costing-app@1.0.0 test: `echo "Error: no test specified" && exit 1`
22 error Exit status 1
23 error Failed at the costing-app@1.0.0 test script 'echo "Error: no test specified" && exit 1'.
23 error Make sure you have the latest version of node.js and npm installed.
23 error If you do, this is most likely a problem with the costing-app package,
23 error not with npm itself.
23 error Tell the author that this fails on your system:
23 error     echo "Error: no test specified" && exit 1
23 error You can get information on how to open an issue for this project with:
23 error     npm bugs costing-app
23 error Or if that isn't available, you can get their info via:
23 error     npm owner ls costing-app
23 error There is likely additional logging output above.
24 verbose exit [ 1, true ]
